<?xml version="1.0" encoding="UTF-8"?>
<testng-results ignored="0" total="2" passed="2" failed="0" skipped="0">
  <reporter-output>
  </reporter-output>
  <suite started-at="2024-08-02T10:34:04 IST" name="Suite" finished-at="2024-08-02T10:34:04 IST" duration-ms="49">
    <groups>
    </groups>
    <test started-at="2024-08-02T10:34:04 IST" name="Test" finished-at="2024-08-02T10:34:04 IST" duration-ms="49">
      <class name="DemoTestNG.Basic">
        <test-method signature="main()[pri:0, instance:DemoTestNG.Basic@2ed2d9cb]" started-at="2024-08-02T10:34:04 IST" name="main" finished-at="2024-08-02T10:34:04 IST" duration-ms="1" status="PASS">
          <reporter-output>
          </reporter-output>
        </test-method> <!-- main -->
      </class> <!-- DemoTestNG.Basic -->
      <class name="DemoTestNG.NewTest">
        <test-method signature="demo()[pri:0, instance:DemoTestNG.NewTest@2f217633]" started-at="2024-08-02T10:34:04 IST" name="demo" finished-at="2024-08-02T10:34:04 IST" duration-ms="9" status="PASS">
          <reporter-output>
          </reporter-output>
        </test-method> <!-- demo -->
      </class> <!-- DemoTestNG.NewTest -->
    </test> <!-- Test -->
  </suite> <!-- Suite -->
</testng-results>
